  main.cpp
C:\Users\Mati\source\repos\lab4\Structures.h(104,21): warning C4018: "<": niezgodność typu ze znakiem/bez znaku
C:\Users\Mati\source\repos\lab4\Structures.h(106,22): warning C4018: "<": niezgodność typu ze znakiem/bez znaku
C:\Users\Mati\source\repos\lab4\Structures.h(123,24): warning C4018: "<": niezgodność typu ze znakiem/bez znaku
C:\Users\Mati\source\repos\lab4\Elem4.h(56,30): warning C4018: "<": niezgodność typu ze znakiem/bez znaku
C:\Users\Mati\source\repos\lab4\Elem4.h(62,34): warning C4018: "<": niezgodność typu ze znakiem/bez znaku
C:\Users\Mati\source\repos\lab4\Elem4.h(72,30): warning C4018: "<": niezgodność typu ze znakiem/bez znaku
C:\Users\Mati\source\repos\lab4\Elem4.h(76,34): warning C4018: "<": niezgodność typu ze znakiem/bez znaku
C:\Users\Mati\source\repos\lab4\Functions.h(7,26): warning C4018: "<": niezgodność typu ze znakiem/bez znaku
C:\Users\Mati\source\repos\lab4\Functions.h(10,30): warning C4018: "<": niezgodność typu ze znakiem/bez znaku
C:\Users\Mati\source\repos\lab4\Functions.h(73,26): warning C4018: "<": niezgodność typu ze znakiem/bez znaku
C:\Users\Mati\source\repos\lab4\Functions.h(76,30): warning C4018: "<": niezgodność typu ze znakiem/bez znaku
C:\Users\Mati\source\repos\lab4\Functions.h(116,26): warning C4018: "<": niezgodność typu ze znakiem/bez znaku
C:\Users\Mati\source\repos\lab4\Functions.h(119,30): warning C4018: "<": niezgodność typu ze znakiem/bez znaku
C:\Users\Mati\source\repos\lab4\Functions.h(136,26): warning C4018: "<": niezgodność typu ze znakiem/bez znaku
C:\Users\Mati\source\repos\lab4\Functions.h(139,30): warning C4018: "<": niezgodność typu ze znakiem/bez znaku
C:\Users\Mati\source\repos\lab4\Functions.h(179,26): warning C4018: "<": niezgodność typu ze znakiem/bez znaku
C:\Users\Mati\source\repos\lab4\Functions.h(182,30): warning C4018: "<": niezgodność typu ze znakiem/bez znaku
C:\Users\Mati\source\repos\lab4\Functions.h(187,26): warning C4018: "<": niezgodność typu ze znakiem/bez znaku
C:\Users\Mati\source\repos\lab4\Functions.h(189,30): warning C4018: "<": niezgodność typu ze znakiem/bez znaku
C:\Users\Mati\source\repos\lab4\Functions.h(222,26): warning C4018: "<": niezgodność typu ze znakiem/bez znaku
C:\Users\Mati\source\repos\lab4\Functions.h(225,30): warning C4018: "<": niezgodność typu ze znakiem/bez znaku
C:\Users\Mati\source\repos\lab4\Functions.h(228,34): warning C4018: "<": niezgodność typu ze znakiem/bez znaku
C:\Users\Mati\source\repos\lab4\Functions.h(248,26): warning C4018: "<": niezgodność typu ze znakiem/bez znaku
C:\Users\Mati\source\repos\lab4\Functions.h(263,26): warning C4018: "<": niezgodność typu ze znakiem/bez znaku
C:\Users\Mati\source\repos\lab4\Functions.h(279,26): warning C4018: "<": niezgodność typu ze znakiem/bez znaku
C:\Users\Mati\source\repos\lab4\Functions.h(282,30): warning C4018: "<": niezgodność typu ze znakiem/bez znaku
C:\Users\Mati\source\repos\lab4\Functions.h(285,34): warning C4018: "<": niezgodność typu ze znakiem/bez znaku
C:\Users\Mati\source\repos\lab4\Functions.h(304,26): warning C4018: "<": niezgodność typu ze znakiem/bez znaku
C:\Users\Mati\source\repos\lab4\Functions.h(319,26): warning C4018: "<": niezgodność typu ze znakiem/bez znaku
C:\Users\Mati\source\repos\lab4\Functions.h(322,30): warning C4018: "<": niezgodność typu ze znakiem/bez znaku
C:\Users\Mati\source\repos\lab4\Functions.h(339,34): warning C4018: "<": niezgodność typu ze znakiem/bez znaku
C:\Users\Mati\source\repos\lab4\Functions.h(354,26): warning C4018: "<": niezgodność typu ze znakiem/bez znaku
C:\Users\Mati\source\repos\lab4\Functions.h(356,34): warning C4018: "<": niezgodność typu ze znakiem/bez znaku
C:\Users\Mati\source\repos\lab4\Functions.h(360,38): warning C4018: "<": niezgodność typu ze znakiem/bez znaku
C:\Users\Mati\source\repos\lab4\Functions.h(374,34): warning C4018: "<": niezgodność typu ze znakiem/bez znaku
C:\Users\Mati\source\repos\lab4\Functions.h(378,25): warning C4244: "inicjowanie": konwersja z "double" do "int", możliwa utrata danych
C:\Users\Mati\source\repos\lab4\Functions.h(392,26): warning C4018: "<": niezgodność typu ze znakiem/bez znaku
C:\Users\Mati\source\repos\lab4\Functions.h(395,30): warning C4018: "<": niezgodność typu ze znakiem/bez znaku
C:\Users\Mati\source\repos\lab4\Functions.h(400,26): warning C4018: "<": niezgodność typu ze znakiem/bez znaku
C:\Users\Mati\source\repos\lab4\Functions.h(402,30): warning C4018: "<": niezgodność typu ze znakiem/bez znaku
C:\Users\Mati\source\repos\lab4\Functions.h(407,26): warning C4018: "<": niezgodność typu ze znakiem/bez znaku
C:\Users\Mati\source\repos\lab4\Functions.h(478,26): warning C4018: "<": niezgodność typu ze znakiem/bez znaku
C:\Users\Mati\source\repos\lab4\Functions.h(488,26): warning C4018: "<": niezgodność typu ze znakiem/bez znaku
C:\Users\Mati\source\repos\lab4\main.cpp(64,26): warning C4018: "<": niezgodność typu ze znakiem/bez znaku
C:\Users\Mati\source\repos\lab4\main.cpp(67,30): warning C4018: "<": niezgodność typu ze znakiem/bez znaku
C:\Users\Mati\source\repos\lab4\main.cpp(84,34): warning C4018: "<": niezgodność typu ze znakiem/bez znaku
C:\Users\Mati\source\repos\lab4\main.cpp(114,26): warning C4018: "<": niezgodność typu ze znakiem/bez znaku
C:\Users\Mati\source\repos\lab4\main.cpp(117,30): warning C4018: "<": niezgodność typu ze znakiem/bez znaku
C:\Users\Mati\source\repos\lab4\main.cpp(123,26): warning C4018: "<": niezgodność typu ze znakiem/bez znaku
C:\Users\Mati\source\repos\lab4\main.cpp(126,30): warning C4018: "<": niezgodność typu ze znakiem/bez znaku
C:\Users\Mati\source\repos\lab4\main.cpp(129,34): warning C4018: "<": niezgodność typu ze znakiem/bez znaku
C:\Users\Mati\source\repos\lab4\main.cpp(136,26): warning C4018: "<": niezgodność typu ze znakiem/bez znaku
C:\Users\Mati\source\repos\lab4\main.cpp(144,34): warning C4018: "<": niezgodność typu ze znakiem/bez znaku
C:\Users\Mati\source\repos\lab4\main.cpp(146,38): warning C4018: "<": niezgodność typu ze znakiem/bez znaku
C:\Users\Mati\source\repos\lab4\main.cpp(148,42): warning C4018: "<": niezgodność typu ze znakiem/bez znaku
C:\Users\Mati\source\repos\lab4\main.cpp(162,26): warning C4018: "<": niezgodność typu ze znakiem/bez znaku
C:\Users\Mati\source\repos\lab4\main.cpp(164,30): warning C4018: "<": niezgodność typu ze znakiem/bez znaku
C:\Users\Mati\source\repos\lab4\main.cpp(166,34): warning C4018: "<": niezgodność typu ze znakiem/bez znaku
C:\Users\Mati\source\repos\lab4\main.cpp(176,26): warning C4018: "<": niezgodność typu ze znakiem/bez znaku
C:\Users\Mati\source\repos\lab4\main.cpp(179,30): warning C4018: "<": niezgodność typu ze znakiem/bez znaku
C:\Users\Mati\source\repos\lab4\main.cpp(188,26): warning C4018: "<": niezgodność typu ze znakiem/bez znaku
C:\Users\Mati\source\repos\lab4\main.cpp(193,26): warning C4018: "<": niezgodność typu ze znakiem/bez znaku
C:\Users\Mati\source\repos\lab4\main.cpp(196,30): warning C4018: "<": niezgodność typu ze znakiem/bez znaku
C:\Users\Mati\source\repos\lab4\main.cpp(203,26): warning C4018: "<": niezgodność typu ze znakiem/bez znaku
C:\Users\Mati\source\repos\lab4\main.cpp(211,34): warning C4018: "<": niezgodność typu ze znakiem/bez znaku
C:\Users\Mati\source\repos\lab4\main.cpp(213,38): warning C4018: "<": niezgodność typu ze znakiem/bez znaku
C:\Users\Mati\source\repos\lab4\main.cpp(225,26): warning C4018: "<": niezgodność typu ze znakiem/bez znaku
C:\Users\Mati\source\repos\lab4\main.cpp(227,30): warning C4018: "<": niezgodność typu ze znakiem/bez znaku
C:\Users\Mati\source\repos\lab4\main.cpp(237,26): warning C4018: "<": niezgodność typu ze znakiem/bez znaku
C:\Users\Mati\source\repos\lab4\main.cpp(240,30): warning C4018: "<": niezgodność typu ze znakiem/bez znaku
C:\Users\Mati\source\repos\lab4\main.cpp(263,26): warning C4018: "<": niezgodność typu ze znakiem/bez znaku
C:\Users\Mati\source\repos\lab4\main.cpp(272,30): warning C4018: "<": niezgodność typu ze znakiem/bez znaku
C:\Users\Mati\source\repos\lab4\main.cpp(281,26): warning C4018: "<": niezgodność typu ze znakiem/bez znaku
C:\Users\Mati\source\repos\lab4\main.cpp(284,30): warning C4018: "<": niezgodność typu ze znakiem/bez znaku
C:\Users\Mati\source\repos\lab4\main.cpp(287,34): warning C4018: "<": niezgodność typu ze znakiem/bez znaku
C:\Users\Mati\source\repos\lab4\main.cpp(300,26): warning C4018: "<": niezgodność typu ze znakiem/bez znaku
C:\Users\Mati\source\repos\lab4\main.cpp(309,30): warning C4018: "<": niezgodność typu ze znakiem/bez znaku
C:\Users\Mati\source\repos\lab4\main.cpp(313,34): warning C4018: "<": niezgodność typu ze znakiem/bez znaku
C:\Users\Mati\source\repos\lab4\main.cpp(327,30): warning C4018: "<": niezgodność typu ze znakiem/bez znaku
  lab4.vcxproj -> C:\Users\Mati\source\repos\lab4\Debug\lab4.exe
